# JRE version: Java(TM) SE Runtime Environment (20.0+36) (build 20+36-2344)
# Java VM: Java HotSpot(TM) 64-Bit Server VM (20+36-2344, mixed mode, emulated-client, sharing, tiered, compressed oops, compressed class ptrs, g1 gc, windows-amd64)
GC Precious Log:
 CardTable entry size: 512
 Card Set container configuration: InlinePtr #cards 5 size 8 Array Of Cards #cards 12 size 40 Howl #buckets 4 coarsen threshold 1843 Howl Bitmap #cards 512 size 80 coarsen threshold 460 Card regions per heap region 1 cards per card region 2048
 CPUs: 8 total, 8 available
 Memory: 7975M
 Large Page Support: Disabled
 NUMA Support: Disabled
 Compressed Oops: Enabled (32-bit)
 Heap Region Size: 1M
 Heap Min Capacity: 8M
 Heap Initial Capacity: 126M
 Heap Max Capacity: 1994M
 Pre-touch: Disabled
 Parallel Workers: 8
 Concurrent Workers: 2
 Concurrent Refinement Workers: 8
 Periodic GC: Disabled
Heap:
 garbage-first heap   total 56320K, used 29917K [0x0000000083600000, 0x0000000100000000)
  region size 1024K, 3 young (3072K), 2 survivors (2048K)
 Metaspace       used 66075K, committed 67136K, reserved 1114112K
  class space    used 9323K, committed 9792K, reserved 1048576K
GC Heap History (20 events):
Event: 5.310 GC heap before
{Heap before GC invocations=11 (full 0):
 garbage-first heap   total 55296K, used 44593K [0x0000000083600000, 0x0000000100000000)
  region size 1024K, 26 young (26624K), 4 survivors (4096K)
 Metaspace       used 53255K, committed 54016K, reserved 1114112K
  class space    used 7518K, committed 7872K, reserved 1048576K
}
Event: 5.313 GC heap after
{Heap after GC invocations=12 (full 0):
 garbage-first heap   total 55296K, used 24033K [0x0000000083600000, 0x0000000100000000)
  region size 1024K, 3 young (3072K), 3 survivors (3072K)
 Metaspace       used 53255K, committed 54016K, reserved 1114112K
  class space    used 7518K, committed 7872K, reserved 1048576K
}
Event: 5.628 GC heap before
{Heap before GC invocations=12 (full 0):
 garbage-first heap   total 55296K, used 47585K [0x0000000083600000, 0x0000000100000000)
  region size 1024K, 26 young (26624K), 3 survivors (3072K)
 Metaspace       used 57093K, committed 57792K, reserved 1114112K
  class space    used 8017K, committed 8320K, reserved 1048576K
}
Event: 5.631 GC heap after
{Heap after GC invocations=13 (full 0):
 garbage-first heap   total 55296K, used 26722K [0x0000000083600000, 0x0000000100000000)
  region size 1024K, 4 young (4096K), 4 survivors (4096K)
 Metaspace       used 57093K, committed 57792K, reserved 1114112K
  class space    used 8017K, committed 8320K, reserved 1048576K
}
Event: 5.791 GC heap before
{Heap before GC invocations=13 (full 0):
 garbage-first heap   total 55296K, used 36962K [0x0000000083600000, 0x0000000100000000)
  region size 1024K, 16 young (16384K), 4 survivors (4096K)
 Metaspace       used 59471K, committed 60160K, reserved 1114112K
  class space    used 8346K, committed 8640K, reserved 1048576K
}
Event: 5.794 GC heap after
{Heap after GC invocations=14 (full 0):
 garbage-first heap   total 55296K, used 27586K [0x0000000083600000, 0x0000000100000000)
  region size 1024K, 1 young (1024K), 1 survivors (1024K)
 Metaspace       used 59471K, committed 60160K, reserved 1114112K
  class space    used 8346K, committed 8640K, reserved 1048576K
}
Event: 6.103 GC heap before
{Heap before GC invocations=15 (full 0):
 garbage-first heap   total 55296K, used 49090K [0x0000000083600000, 0x0000000100000000)
  region size 1024K, 22 young (22528K), 1 survivors (1024K)
 Metaspace       used 61552K, committed 62272K, reserved 1114112K
  class space    used 8718K, committed 9024K, reserved 1048576K
}
Event: 6.106 GC heap after
{Heap after GC invocations=16 (full 0):
 garbage-first heap   total 55296K, used 29767K [0x0000000083600000, 0x0000000100000000)
  region size 1024K, 3 young (3072K), 3 survivors (3072K)
 Metaspace       used 61552K, committed 62272K, reserved 1114112K
  class space    used 8718K, committed 9024K, reserved 1048576K
}
Event: 123.212 GC heap before
{Heap before GC invocations=16 (full 0):
 garbage-first heap   total 55296K, used 47175K [0x0000000083600000, 0x0000000100000000)
  region size 1024K, 20 young (20480K), 3 survivors (3072K)
 Metaspace       used 64971K, committed 65792K, reserved 1114112K
  class space    used 9180K, committed 9536K, reserved 1048576K
}
Event: 123.215 GC heap after
{Heap after GC invocations=17 (full 0):
 garbage-first heap   total 55296K, used 31052K [0x0000000083600000, 0x0000000100000000)
  region size 1024K, 2 young (2048K), 2 survivors (2048K)
 Metaspace       used 64971K, committed 65792K, reserved 1114112K
  class space    used 9180K, committed 9536K, reserved 1048576K
}
Event: 2565.493 GC heap before
{Heap before GC invocations=17 (full 0):
 garbage-first heap   total 55296K, used 48460K [0x0000000083600000, 0x0000000100000000)
  region size 1024K, 19 young (19456K), 2 survivors (2048K)
 Metaspace       used 66268K, committed 67136K, reserved 1114112K
  class space    used 9383K, committed 9792K, reserved 1048576K
}
Event: 2565.543 GC heap after
{Heap after GC invocations=18 (full 0):
 garbage-first heap   total 55296K, used 32144K [0x0000000083600000, 0x0000000100000000)
  region size 1024K, 3 young (3072K), 3 survivors (3072K)
 Metaspace       used 66268K, committed 67136K, reserved 1114112K
  class space    used 9383K, committed 9792K, reserved 1048576K
}
Event: 7117.684 GC heap before
{Heap before GC invocations=19 (full 0):
 garbage-first heap   total 56320K, used 47504K [0x0000000083600000, 0x0000000100000000)
  region size 1024K, 18 young (18432K), 3 survivors (3072K)
 Metaspace       used 65923K, committed 67136K, reserved 1114112K
  class space    used 9295K, committed 9792K, reserved 1048576K
}
Event: 7117.753 GC heap after
{Heap after GC invocations=20 (full 0):
 garbage-first heap   total 56320K, used 32125K [0x0000000083600000, 0x0000000100000000)
  region size 1024K, 2 young (2048K), 2 survivors (2048K)
 Metaspace       used 65923K, committed 67136K, reserved 1114112K
  class space    used 9295K, committed 9792K, reserved 1048576K
}
Event: 8953.237 GC heap before
{Heap before GC invocations=20 (full 0):
 garbage-first heap   total 56320K, used 49533K [0x0000000083600000, 0x0000000100000000)
  region size 1024K, 19 young (19456K), 2 survivors (2048K)
 Metaspace       used 65923K, committed 67136K, reserved 1114112K
  class space    used 9295K, committed 9792K, reserved 1048576K
}
Event: 8953.293 GC heap after
{Heap after GC invocations=21 (full 0):
 garbage-first heap   total 56320K, used 29580K [0x0000000083600000, 0x0000000100000000)
  region size 1024K, 2 young (2048K), 2 survivors (2048K)
 Metaspace       used 65923K, committed 67136K, reserved 1114112K
  class space    used 9295K, committed 9792K, reserved 1048576K
}
Event: 13620.800 GC heap before
{Heap before GC invocations=21 (full 0):
 garbage-first heap   total 56320K, used 45964K [0x0000000083600000, 0x0000000100000000)
  region size 1024K, 20 young (20480K), 2 survivors (2048K)
 Metaspace       used 66097K, committed 67136K, reserved 1114112K
  class space    used 9327K, committed 9792K, reserved 1048576K
}
Event: 13620.831 GC heap after
{Heap after GC invocations=22 (full 0):
 garbage-first heap   total 56320K, used 30120K [0x0000000083600000, 0x0000000100000000)
  region size 1024K, 2 young (2048K), 2 survivors (2048K)
 Metaspace       used 66097K, committed 67136K, reserved 1114112K
  class space    used 9327K, committed 9792K, reserved 1048576K
}
Event: 15952.602 GC heap before
{Heap before GC invocations=23 (full 0):
 garbage-first heap   total 56320K, used 48552K [0x0000000083600000, 0x0000000100000000)
  region size 1024K, 21 young (21504K), 2 survivors (2048K)
 Metaspace       used 66075K, committed 67136K, reserved 1114112K
  class space    used 9323K, committed 9792K, reserved 1048576K
}
Event: 15952.688 GC heap after
{Heap after GC invocations=24 (full 0):
 garbage-first heap   total 56320K, used 29917K [0x0000000083600000, 0x0000000100000000)
  region size 1024K, 2 young (2048K), 2 survivors (2048K)
 Metaspace       used 66075K, committed 67136K, reserved 1114112K
  class space    used 9323K, committed 9792K, reserved 1048576K
}

