# JRE version: OpenJDK Runtime Environment JBR-17.0.10+1-1087.23-jcef (17.0.10+1) (build 17.0.10+1-b1087.23)
# Java VM: OpenJDK 64-Bit Server VM JBR-17.0.10+1-1087.23-jcef (17.0.10+1-b1087.23, mixed mode, tiered, compressed oops, compressed class ptrs, g1 gc, windows-amd64)
GC Precious Log:
 CPUs: 8 total, 8 available
 Memory: 7975M
 Large Page Support: Disabled
 NUMA Support: Disabled
 Compressed Oops: Enabled (32-bit)
 Heap Region Size: 1M
 Heap Min Capacity: 128M
 Heap Initial Capacity: 128M
 Heap Max Capacity: 2G
 Pre-touch: Disabled
 Parallel Workers: 8
 Concurrent Workers: 2
 Concurrent Refinement Workers: 8
 Periodic GC: Disabled
Heap:
 garbage-first heap   total 131072K, used 10905K [0x0000000080000000, 0x0000000100000000)
  region size 1024K, 3 young (3072K), 0 survivors (0K)
 Metaspace       used 20669K, committed 21120K, reserved 1114112K
  class space    used 2058K, committed 2240K, reserved 1048576K
GC Heap History (10 events):
Event: 1.484 GC heap before
{Heap before GC invocations=0 (full 0):
 garbage-first heap   total 131072K, used 25600K [0x0000000080000000, 0x0000000100000000)
  region size 1024K, 23 young (23552K), 0 survivors (0K)
 Metaspace       used 18388K, committed 18688K, reserved 1114112K
  class space    used 1923K, committed 2048K, reserved 1048576K
}
Event: 1.489 GC heap after
{Heap after GC invocations=1 (full 0):
 garbage-first heap   total 131072K, used 8804K [0x0000000080000000, 0x0000000100000000)
  region size 1024K, 3 young (3072K), 3 survivors (3072K)
 Metaspace       used 18388K, committed 18688K, reserved 1114112K
  class space    used 1923K, committed 2048K, reserved 1048576K
}
Event: 1498.098 GC heap before
{Heap before GC invocations=1 (full 0):
 garbage-first heap   total 131072K, used 30308K [0x0000000080000000, 0x0000000100000000)
  region size 1024K, 24 young (24576K), 3 survivors (3072K)
 Metaspace       used 19674K, committed 19968K, reserved 1114112K
  class space    used 1993K, committed 2112K, reserved 1048576K
}
Event: 1498.222 GC heap after
{Heap after GC invocations=2 (full 0):
 garbage-first heap   total 131072K, used 9301K [0x0000000080000000, 0x0000000100000000)
  region size 1024K, 1 young (1024K), 1 survivors (1024K)
 Metaspace       used 19674K, committed 19968K, reserved 1114112K
  class space    used 1993K, committed 2112K, reserved 1048576K
}
Event: 3367.923 GC heap before
{Heap before GC invocations=2 (full 0):
 garbage-first heap   total 131072K, used 41045K [0x0000000080000000, 0x0000000100000000)
  region size 1024K, 32 young (32768K), 1 survivors (1024K)
 Metaspace       used 20649K, committed 20928K, reserved 1114112K
  class space    used 2089K, committed 2240K, reserved 1048576K
}
Event: 3367.930 GC heap after
{Heap after GC invocations=3 (full 0):
 garbage-first heap   total 131072K, used 10357K [0x0000000080000000, 0x0000000100000000)
  region size 1024K, 2 young (2048K), 2 survivors (2048K)
 Metaspace       used 20649K, committed 20928K, reserved 1114112K
  class space    used 2089K, committed 2240K, reserved 1048576K
}
Event: 3600.043 GC heap before
{Heap before GC invocations=3 (full 0):
 garbage-first heap   total 131072K, used 41077K [0x0000000080000000, 0x0000000100000000)
  region size 1024K, 33 young (33792K), 2 survivors (2048K)
 Metaspace       used 20811K, committed 21120K, reserved 1114112K
  class space    used 2092K, committed 2240K, reserved 1048576K
}
Event: 3600.209 GC heap after
{Heap after GC invocations=4 (full 1):
 garbage-first heap   total 131072K, used 8942K [0x0000000080000000, 0x0000000100000000)
  region size 1024K, 0 young (0K), 0 survivors (0K)
 Metaspace       used 20669K, committed 21120K, reserved 1114112K
  class space    used 2058K, committed 2240K, reserved 1048576K
}
Event: 7200.220 GC heap before
{Heap before GC invocations=4 (full 1):
 garbage-first heap   total 131072K, used 15086K [0x0000000080000000, 0x0000000100000000)
  region size 1024K, 7 young (7168K), 0 survivors (0K)
 Metaspace       used 20669K, committed 21120K, reserved 1114112K
  class space    used 2058K, committed 2240K, reserved 1048576K
}
Event: 7200.325 GC heap after
{Heap after GC invocations=5 (full 2):
 garbage-first heap   total 131072K, used 8857K [0x0000000080000000, 0x0000000100000000)
  region size 1024K, 0 young (0K), 0 survivors (0K)
 Metaspace       used 20669K, committed 21120K, reserved 1114112K
  class space    used 2058K, committed 2240K, reserved 1048576K
}

